[debug] [2021-06-07T17:55:54.034Z] ----------------------------------------------------------------------
[debug] [2021-06-07T17:55:54.036Z] Command:       C:\Program Files\nodejs\node.exe C:\Users\swall\AppData\Roaming\npm\node_modules\firebase-tools\lib\bin\firebase.js emulators:start
[debug] [2021-06-07T17:55:54.036Z] CLI Version:   9.12.1
[debug] [2021-06-07T17:55:54.036Z] Platform:      win32
[debug] [2021-06-07T17:55:54.036Z] Node Version:  v14.16.0
[debug] [2021-06-07T17:55:54.037Z] Time:          Mon Jun 07 2021 13:55:54 GMT-0400 (Eastern Daylight Time)
[debug] [2021-06-07T17:55:54.038Z] ----------------------------------------------------------------------
[debug] 
[debug] [2021-06-07T17:55:54.040Z] >>> [apiv2][query] GET https://firebase-public.firebaseio.com/cli.json [none]
[debug] [2021-06-07T17:55:54.065Z] > command requires scopes: ["email","openid","https://www.googleapis.com/auth/cloudplatformprojects.readonly","https://www.googleapis.com/auth/firebase","https://www.googleapis.com/auth/cloud-platform"]
[debug] [2021-06-07T17:55:54.065Z] > authorizing via signed-in user (zula98.ah@gmail.com)
[info] i  emulators: Starting emulators: functions, hosting {"metadata":{"emulator":{"name":"hub"},"message":"Starting emulators: functions, hosting"}}
[warn] !  emulators: It seems that you are running multiple instances of the emulator suite for project clone-front-6025d. This may result in unexpected behavior. 
[debug] [2021-06-07T17:55:54.093Z] [hub] writing locator at C:\Users\swall\AppData\Local\Temp\hub-clone-front-6025d.json
[warn] !  functions: The following emulators are not running, calls to these services from the Functions emulator will affect production: auth, firestore, database, pubsub, storage {"metadata":{"emulator":{"name":"functions"},"message":"The following emulators are not running, calls to these services from the Functions emulator will affect production: \u001b[1mauth, firestore, database, pubsub, storage\u001b[22m"}}
[info] +  functions: Using node@14 from host. {"metadata":{"emulator":{"name":"functions"},"message":"Using node@14 from host."}}
[debug] [2021-06-07T17:55:54.119Z] defaultcredentials: writing to file C:\Users\swall\AppData\Roaming\firebase\zula98_ah_gmail.com_application_default_credentials.json
[debug] [2021-06-07T17:55:54.121Z] Setting GAC to C:\Users\swall\AppData\Roaming\firebase\zula98_ah_gmail.com_application_default_credentials.json {"metadata":{"emulator":{"name":"functions"},"message":"Setting GAC to C:\\Users\\swall\\AppData\\Roaming\\firebase\\zula98_ah_gmail.com_application_default_credentials.json"}}
[debug] [2021-06-07T17:55:54.122Z] > refreshing access token with scopes: []
[debug] [2021-06-07T17:55:54.123Z] >>> HTTP REQUEST POST https://www.googleapis.com/oauth2/v3/token  
 <request body omitted>
[debug] [2021-06-07T17:55:54.192Z] <<< HTTP RESPONSE 200 {"expires":"Mon, 01 Jan 1990 00:00:00 GMT","date":"Mon, 07 Jun 2021 17:55:54 GMT","pragma":"no-cache","cache-control":"no-cache, no-store, max-age=0, must-revalidate","content-type":"application/json; charset=utf-8","vary":"X-Origin, Referer, Origin,Accept-Encoding","server":"scaffolding on HTTPServer2","x-xss-protection":"0","x-frame-options":"SAMEORIGIN","x-content-type-options":"nosniff","alt-svc":"h3-29=\":443\"; ma=2592000,h3-T051=\":443\"; ma=2592000,h3-Q050=\":443\"; ma=2592000,h3-Q046=\":443\"; ma=2592000,h3-Q043=\":443\"; ma=2592000,quic=\":443\"; ma=2592000; v=\"46,43\"","accept-ranges":"none","transfer-encoding":"chunked"}
[debug] [2021-06-07T17:55:54.203Z] >>> [apiv2][query] GET https://firebase.googleapis.com/v1beta1/projects/clone-front-6025d/adminSdkConfig [none]
[debug] [2021-06-07T17:55:54.230Z] <<< [apiv2][status] GET https://firebase-public.firebaseio.com/cli.json 200
[debug] [2021-06-07T17:55:54.230Z] <<< [apiv2][body] GET https://firebase-public.firebaseio.com/cli.json {"cloudBuildErrorAfter":1594252800000,"cloudBuildWarnAfter":1590019200000,"defaultNode10After":1594252800000,"minVersion":"3.0.5","node8DeploysDisabledAfter":1613390400000,"node8RuntimeDisabledAfter":1615809600000,"node8WarnAfter":1600128000000}
[debug] [2021-06-07T17:55:54.430Z] <<< [apiv2][status] GET https://firebase.googleapis.com/v1beta1/projects/clone-front-6025d/adminSdkConfig 200
[debug] [2021-06-07T17:55:54.431Z] <<< [apiv2][body] GET https://firebase.googleapis.com/v1beta1/projects/clone-front-6025d/adminSdkConfig {"projectId":"clone-front-6025d","storageBucket":"clone-front-6025d.appspot.com","locationId":"us-central"}
[debug] [2021-06-07T17:55:54.442Z] >>> [apiv2][query] GET https://firebasehosting.googleapis.com/v1beta1/projects/clone-front-6025d/sites 
[debug] [2021-06-07T17:55:54.698Z] <<< [apiv2][status] GET https://firebasehosting.googleapis.com/v1beta1/projects/clone-front-6025d/sites 200
[debug] [2021-06-07T17:55:54.698Z] <<< [apiv2][body] GET https://firebasehosting.googleapis.com/v1beta1/projects/clone-front-6025d/sites {"sites":[{"name":"projects/271373672274/sites/clone-front-6025d","defaultUrl":"https://clone-front-6025d.web.app","appId":"1:271373672274:web:5496d0aa7cacedff95a48b","type":"DEFAULT_SITE"}]}
[debug] [2021-06-07T17:55:54.699Z] >>> [apiv2][query] GET https://firebase.googleapis.com/v1beta1/projects/clone-front-6025d/webApps/1:271373672274:web:5496d0aa7cacedff95a48b/config [none]
[debug] [2021-06-07T17:55:55.177Z] <<< [apiv2][status] GET https://firebase.googleapis.com/v1beta1/projects/clone-front-6025d/webApps/1:271373672274:web:5496d0aa7cacedff95a48b/config 200
[debug] [2021-06-07T17:55:55.177Z] <<< [apiv2][body] GET https://firebase.googleapis.com/v1beta1/projects/clone-front-6025d/webApps/1:271373672274:web:5496d0aa7cacedff95a48b/config {"projectId":"clone-front-6025d","appId":"1:271373672274:web:5496d0aa7cacedff95a48b","storageBucket":"clone-front-6025d.appspot.com","locationId":"us-central","apiKey":"AIzaSyBd8UFojh1tMBQK3J2jKoLwctjtfVwYrFQ","authDomain":"clone-front-6025d.firebaseapp.com","messagingSenderId":"271373672274","measurementId":"G-LTMFFHLHYE"}
[info] i  hosting: Serving hosting files from: build {"metadata":{"emulator":{"name":"hosting"},"message":"Serving hosting files from: \u001b[1mbuild\u001b[22m"}}
[info] +  hosting: Local server: http://localhost:5000 {"metadata":{"emulator":{"name":"hosting"},"message":"Local server: \u001b[4m\u001b[1mhttp://localhost:5000\u001b[22m\u001b[24m"}}
[debug] [2021-06-07T17:55:55.217Z] Ignoring unsupported arg: auto_download {"metadata":{"emulator":{"name":"ui"},"message":"Ignoring unsupported arg: auto_download"}}
[debug] [2021-06-07T17:55:55.217Z] Ignoring unsupported arg: port {"metadata":{"emulator":{"name":"ui"},"message":"Ignoring unsupported arg: port"}}
[debug] [2021-06-07T17:55:55.218Z] Starting Emulator UI with command {"binary":"node","args":["C:\\Users\\swall\\.cache\\firebase\\emulators\\ui-v1.5.0\\server.bundle.js"],"optionalArgs":[],"joinArgs":false} {"metadata":{"emulator":{"name":"ui"},"message":"Starting Emulator UI with command {\"binary\":\"node\",\"args\":[\"C:\\\\Users\\\\swall\\\\.cache\\\\firebase\\\\emulators\\\\ui-v1.5.0\\\\server.bundle.js\"],\"optionalArgs\":[],\"joinArgs\":false}"}}
[info] i  ui: Emulator UI logging to ui-debug.log {"metadata":{"emulator":{"name":"ui"},"message":"Emulator UI logging to \u001b[1mui-debug.log\u001b[22m"}}
[debug] [2021-06-07T17:55:55.374Z] Web / API server started at http://localhost:4000
 {"metadata":{"emulator":{"name":"ui"},"message":"Web / API server started at http://localhost:4000\n"}}
[info] i  functions: Watching "C:\Users\swall\Desktop\project2\Amazon-clon\functions" for Cloud Functions... {"metadata":{"emulator":{"name":"functions"},"message":"Watching \"C:\\Users\\swall\\Desktop\\project2\\Amazon-clon\\functions\" for Cloud Functions..."}}
[debug] [2021-06-07T17:55:55.500Z] [worker-pool] addWorker(~diagnostic~) {"metadata":{"emulator":{"name":"functions"},"message":"[worker-pool] addWorker(~diagnostic~)"}}
[debug] [2021-06-07T17:55:55.501Z] [worker-pool] Adding worker with key ~diagnostic~, total=1 {"metadata":{"emulator":{"name":"functions"},"message":"[worker-pool] Adding worker with key ~diagnostic~, total=1"}}
[debug] [2021-06-07T17:55:55.501Z] [worker-pool] submitWork(triggerId=) {"metadata":{"emulator":{"name":"functions"},"message":"[worker-pool] submitWork(triggerId=)"}}
[debug] [2021-06-07T17:55:55.501Z] [worker-~diagnostic~-875ea737-f9cb-4948-a392-1b860c3ab834]: Assigning socketPath: \\?\pipe\C:\Users\swall\Desktop\project2\Amazon-clon\functions\31248 {"metadata":{"emulator":{"name":"functions"},"message":"[worker-~diagnostic~-875ea737-f9cb-4948-a392-1b860c3ab834]: Assigning socketPath: \\\\?\\pipe\\C:\\Users\\swall\\Desktop\\project2\\Amazon-clon\\functions\\31248"}}
[debug] [2021-06-07T17:55:55.502Z] [worker-~diagnostic~-875ea737-f9cb-4948-a392-1b860c3ab834]: BUSY {"metadata":{"emulator":{"name":"functions"},"message":"[worker-~diagnostic~-875ea737-f9cb-4948-a392-1b860c3ab834]: BUSY"}}
[debug] [2021-06-07T17:55:55.742Z] [runtime-status] [31248] Functions runtime initialized. {"cwd":"C:\\Users\\swall\\Desktop\\project2\\Amazon-clon\\functions","node_version":"14.16.0"} {"metadata":{"emulator":{"name":"functions"},"message":"[runtime-status] [31248] Functions runtime initialized. {\"cwd\":\"C:\\\\Users\\\\swall\\\\Desktop\\\\project2\\\\Amazon-clon\\\\functions\",\"node_version\":\"14.16.0\"}"}}
[debug] [2021-06-07T17:55:55.743Z] [runtime-status] [31248] Disabled runtime features: undefined {"metadata":{"emulator":{"name":"functions"},"message":"[runtime-status] [31248] Disabled runtime features: undefined"}}
[debug] [2021-06-07T17:55:55.748Z] [runtime-status] [31248] Resolved module firebase-admin {"declared":true,"installed":true,"version":"9.9.0","resolution":"C:\\Users\\swall\\Desktop\\project2\\Amazon-clon\\functions\\node_modules\\firebase-admin\\lib\\index.js"} {"metadata":{"emulator":{"name":"functions"},"message":"[runtime-status] [31248] Resolved module firebase-admin {\"declared\":true,\"installed\":true,\"version\":\"9.9.0\",\"resolution\":\"C:\\\\Users\\\\swall\\\\Desktop\\\\project2\\\\Amazon-clon\\\\functions\\\\node_modules\\\\firebase-admin\\\\lib\\\\index.js\"}"}}
[debug] [2021-06-07T17:55:55.751Z] [runtime-status] [31248] Resolved module firebase-functions {"declared":true,"installed":true,"version":"3.14.1","resolution":"C:\\Users\\swall\\Desktop\\project2\\Amazon-clon\\functions\\node_modules\\firebase-functions\\lib\\index.js"} {"metadata":{"emulator":{"name":"functions"},"message":"[runtime-status] [31248] Resolved module firebase-functions {\"declared\":true,\"installed\":true,\"version\":\"3.14.1\",\"resolution\":\"C:\\\\Users\\\\swall\\\\Desktop\\\\project2\\\\Amazon-clon\\\\functions\\\\node_modules\\\\firebase-functions\\\\lib\\\\index.js\"}"}}
[debug] [2021-06-07T17:55:55.753Z] [runtime-status] [31248] Resolved module firebase-functions {"declared":true,"installed":true,"version":"3.14.1","resolution":"C:\\Users\\swall\\Desktop\\project2\\Amazon-clon\\functions\\node_modules\\firebase-functions\\lib\\index.js"} {"metadata":{"emulator":{"name":"functions"},"message":"[runtime-status] [31248] Resolved module firebase-functions {\"declared\":true,\"installed\":true,\"version\":\"3.14.1\",\"resolution\":\"C:\\\\Users\\\\swall\\\\Desktop\\\\project2\\\\Amazon-clon\\\\functions\\\\node_modules\\\\firebase-functions\\\\lib\\\\index.js\"}"}}
[debug] [2021-06-07T17:55:55.755Z] [runtime-status] [31248] Outgoing network have been stubbed. [{"name":"http","status":"mocked"},{"name":"http","status":"mocked"},{"name":"https","status":"mocked"},{"name":"https","status":"mocked"},{"name":"net","status":"mocked"}] {"metadata":{"emulator":{"name":"functions"},"message":"[runtime-status] [31248] Outgoing network have been stubbed. [{\"name\":\"http\",\"status\":\"mocked\"},{\"name\":\"http\",\"status\":\"mocked\"},{\"name\":\"https\",\"status\":\"mocked\"},{\"name\":\"https\",\"status\":\"mocked\"},{\"name\":\"net\",\"status\":\"mocked\"}]"}}
[debug] [2021-06-07T17:55:55.755Z] [runtime-status] [31248] Resolved module firebase-functions {"declared":true,"installed":true,"version":"3.14.1","resolution":"C:\\Users\\swall\\Desktop\\project2\\Amazon-clon\\functions\\node_modules\\firebase-functions\\lib\\index.js"} {"metadata":{"emulator":{"name":"functions"},"message":"[runtime-status] [31248] Resolved module firebase-functions {\"declared\":true,\"installed\":true,\"version\":\"3.14.1\",\"resolution\":\"C:\\\\Users\\\\swall\\\\Desktop\\\\project2\\\\Amazon-clon\\\\functions\\\\node_modules\\\\firebase-functions\\\\lib\\\\index.js\"}"}}
[debug] [2021-06-07T17:55:55.846Z] [runtime-status] [31248] Checked functions.config() {"config":{}} {"metadata":{"emulator":{"name":"functions"},"message":"[runtime-status] [31248] Checked functions.config() {\"config\":{}}"}}
[debug] [2021-06-07T17:55:55.846Z] [runtime-status] [31248] firebase-functions has been stubbed. {"functionsResolution":{"declared":true,"installed":true,"version":"3.14.1","resolution":"C:\\Users\\swall\\Desktop\\project2\\Amazon-clon\\functions\\node_modules\\firebase-functions\\lib\\index.js"}} {"metadata":{"emulator":{"name":"functions"},"message":"[runtime-status] [31248] firebase-functions has been stubbed. {\"functionsResolution\":{\"declared\":true,\"installed\":true,\"version\":\"3.14.1\",\"resolution\":\"C:\\\\Users\\\\swall\\\\Desktop\\\\project2\\\\Amazon-clon\\\\functions\\\\node_modules\\\\firebase-functions\\\\lib\\\\index.js\"}}"}}
[debug] [2021-06-07T17:55:55.847Z] [runtime-status] [31248] Resolved module firebase-functions {"declared":true,"installed":true,"version":"3.14.1","resolution":"C:\\Users\\swall\\Desktop\\project2\\Amazon-clon\\functions\\node_modules\\firebase-functions\\lib\\index.js"} {"metadata":{"emulator":{"name":"functions"},"message":"[runtime-status] [31248] Resolved module firebase-functions {\"declared\":true,\"installed\":true,\"version\":\"3.14.1\",\"resolution\":\"C:\\\\Users\\\\swall\\\\Desktop\\\\project2\\\\Amazon-clon\\\\functions\\\\node_modules\\\\firebase-functions\\\\lib\\\\index.js\"}"}}
[debug] [2021-06-07T17:55:55.848Z] [runtime-status] [31248] Resolved module firebase-admin {"declared":true,"installed":true,"version":"9.9.0","resolution":"C:\\Users\\swall\\Desktop\\project2\\Amazon-clon\\functions\\node_modules\\firebase-admin\\lib\\index.js"} {"metadata":{"emulator":{"name":"functions"},"message":"[runtime-status] [31248] Resolved module firebase-admin {\"declared\":true,\"installed\":true,\"version\":\"9.9.0\",\"resolution\":\"C:\\\\Users\\\\swall\\\\Desktop\\\\project2\\\\Amazon-clon\\\\functions\\\\node_modules\\\\firebase-admin\\\\lib\\\\index.js\"}"}}
[debug] [2021-06-07T17:55:55.849Z] [runtime-status] [31248] Resolved module firebase-functions {"declared":true,"installed":true,"version":"3.14.1","resolution":"C:\\Users\\swall\\Desktop\\project2\\Amazon-clon\\functions\\node_modules\\firebase-functions\\lib\\index.js"} {"metadata":{"emulator":{"name":"functions"},"message":"[runtime-status] [31248] Resolved module firebase-functions {\"declared\":true,\"installed\":true,\"version\":\"3.14.1\",\"resolution\":\"C:\\\\Users\\\\swall\\\\Desktop\\\\project2\\\\Amazon-clon\\\\functions\\\\node_modules\\\\firebase-functions\\\\lib\\\\index.js\"}"}}
[debug] [2021-06-07T17:55:55.849Z] [runtime-status] [31248] firebase-admin has been stubbed. {"adminResolution":{"declared":true,"installed":true,"version":"9.9.0","resolution":"C:\\Users\\swall\\Desktop\\project2\\Amazon-clon\\functions\\node_modules\\firebase-admin\\lib\\index.js"}} {"metadata":{"emulator":{"name":"functions"},"message":"[runtime-status] [31248] firebase-admin has been stubbed. {\"adminResolution\":{\"declared\":true,\"installed\":true,\"version\":\"9.9.0\",\"resolution\":\"C:\\\\Users\\\\swall\\\\Desktop\\\\project2\\\\Amazon-clon\\\\functions\\\\node_modules\\\\firebase-admin\\\\lib\\\\index.js\"}}"}}
[info] +  functions[us-central1-api]: http function initialized (http://localhost:5001/clone-front-6025d/us-central1/api). {"metadata":{"emulator":{"name":"functions"},"message":"\u001b[1mhttp\u001b[22m function initialized (http://localhost:5001/clone-front-6025d/us-central1/api)."}}
[info] 
┌─────────────────────────────────────────────────────────────┐
│ ✔  All emulators ready! It is now safe to connect your app. │
│ i  View Emulator UI at http://localhost:4000                │
└─────────────────────────────────────────────────────────────┘

┌───────────┬────────────────┬─────────────────────────────────┐
│ Emulator  │ Host:Port      │ View in Emulator UI             │
├───────────┼────────────────┼─────────────────────────────────┤
│ Functions │ localhost:5001 │ http://localhost:4000/functions │
├───────────┼────────────────┼─────────────────────────────────┤
│ Hosting   │ localhost:5000 │ n/a                             │
└───────────┴────────────────┴─────────────────────────────────┘
  Emulator Hub running at localhost:4400
  Other reserved ports: 4500

Issues? Report them at https://github.com/firebase/firebase-tools/issues and attach the *-debug.log files.
 
[debug] [2021-06-07T17:55:56.188Z] [worker-~diagnostic~-875ea737-f9cb-4948-a392-1b860c3ab834]: IDLE {"metadata":{"emulator":{"name":"functions"},"message":"[worker-~diagnostic~-875ea737-f9cb-4948-a392-1b860c3ab834]: IDLE"}}
